# JRE version: OpenJDK Runtime Environment GraalVM CE 22+36.1 (22.0+36) (build 22+36-jvmci-b02)
# Java VM: OpenJDK 64-Bit Server VM GraalVM CE 22+36.1 (22+36-jvmci-b02, mixed mode, emulated-client, sharing, tiered, jvmci, jvmci compiler, compressed oops, compressed class ptrs, g1 gc, windows-amd64)
GC Precious Log:
 CardTable entry size: 512
 Card Set container configuration: InlinePtr #cards 4 size 8 Array Of Cards #cards 16 size 48 Howl #buckets 8 coarsen threshold 3686 Howl Bitmap #cards 512 size 80 coarsen threshold 460 Card regions per heap region 1 cards per card region 4096
 CPUs: 8 total, 8 available
 Memory: 16064M
 Large Page Support: Disabled
 NUMA Support: Disabled
 Compressed Oops: Enabled (Zero based)
 Heap Region Size: 2M
 Heap Min Capacity: 8M
 Heap Initial Capacity: 252M
 Heap Max Capacity: 4018M
 Pre-touch: Disabled
 Parallel Workers: 8
 Concurrent Workers: 2
 Concurrent Refinement Workers: 8
 Periodic GC: Disabled
Heap:
 garbage-first heap   total reserved 4114432K, committed 102400K, used 84148K [0x0000000704e00000, 0x0000000800000000)
  region size 2048K, 20 young (40960K), 2 survivors (4096K)
 Metaspace       used 56476K, committed 57600K, reserved 1114112K
  class space    used 8027K, committed 8512K, reserved 1048576K
GC Heap History (20 events):
Event: 971.729 GC heap before
{Heap before GC invocations=44 (full 6):
 garbage-first heap   total reserved 4114432K, committed 102400K, used 87464K [0x0000000704e00000, 0x0000000800000000)
  region size 2048K, 25 young (51200K), 2 survivors (4096K)
 Metaspace       used 56254K, committed 57408K, reserved 1114112K
  class space    used 8031K, committed 8512K, reserved 1048576K
}
Event: 971.732 GC heap after
{Heap after GC invocations=45 (full 6):
 garbage-first heap   total reserved 4114432K, committed 102400K, used 42829K [0x0000000704e00000, 0x0000000800000000)
  region size 2048K, 4 young (8192K), 4 survivors (8192K)
 Metaspace       used 56254K, committed 57408K, reserved 1114112K
  class space    used 8031K, committed 8512K, reserved 1048576K
}
Event: 1069.404 GC heap before
{Heap before GC invocations=45 (full 6):
 garbage-first heap   total reserved 4114432K, committed 102400K, used 73549K [0x0000000704e00000, 0x0000000800000000)
  region size 2048K, 20 young (40960K), 4 survivors (8192K)
 Metaspace       used 56292K, committed 57408K, reserved 1114112K
  class space    used 8035K, committed 8512K, reserved 1048576K
}
Event: 1069.445 GC heap after
{Heap after GC invocations=46 (full 7):
 garbage-first heap   total reserved 4114432K, committed 102400K, used 40253K [0x0000000704e00000, 0x0000000800000000)
  region size 2048K, 0 young (0K), 0 survivors (0K)
 Metaspace       used 56292K, committed 57408K, reserved 1114112K
  class space    used 8035K, committed 8512K, reserved 1048576K
}
Event: 1069.812 GC heap before
{Heap before GC invocations=46 (full 7):
 garbage-first heap   total reserved 4114432K, committed 102400K, used 89405K [0x0000000704e00000, 0x0000000800000000)
  region size 2048K, 24 young (49152K), 0 survivors (0K)
 Metaspace       used 56329K, committed 57408K, reserved 1114112K
  class space    used 8044K, committed 8512K, reserved 1048576K
}
Event: 1069.815 GC heap after
{Heap after GC invocations=47 (full 7):
 garbage-first heap   total reserved 4114432K, committed 102400K, used 44349K [0x0000000704e00000, 0x0000000800000000)
  region size 2048K, 2 young (4096K), 2 survivors (4096K)
 Metaspace       used 56329K, committed 57408K, reserved 1114112K
  class space    used 8044K, committed 8512K, reserved 1048576K
}
Event: 1071.271 GC heap before
{Heap before GC invocations=48 (full 7):
 garbage-first heap   total reserved 4114432K, committed 102400K, used 87357K [0x0000000704e00000, 0x0000000800000000)
  region size 2048K, 24 young (49152K), 2 survivors (4096K)
 Metaspace       used 56167K, committed 57408K, reserved 1114112K
  class space    used 7989K, committed 8512K, reserved 1048576K
}
Event: 1071.274 GC heap after
{Heap after GC invocations=49 (full 7):
 garbage-first heap   total reserved 4114432K, committed 102400K, used 47747K [0x0000000704e00000, 0x0000000800000000)
  region size 2048K, 2 young (4096K), 2 survivors (4096K)
 Metaspace       used 56167K, committed 57408K, reserved 1114112K
  class space    used 7989K, committed 8512K, reserved 1048576K
}
Event: 1111.346 GC heap before
{Heap before GC invocations=49 (full 7):
 garbage-first heap   total reserved 4114432K, committed 102400K, used 86659K [0x0000000704e00000, 0x0000000800000000)
  region size 2048K, 22 young (45056K), 2 survivors (4096K)
 Metaspace       used 56341K, committed 57408K, reserved 1114112K
  class space    used 8028K, committed 8512K, reserved 1048576K
}
Event: 1111.386 GC heap after
{Heap after GC invocations=50 (full 8):
 garbage-first heap   total reserved 4114432K, committed 102400K, used 39912K [0x0000000704e00000, 0x0000000800000000)
  region size 2048K, 0 young (0K), 0 survivors (0K)
 Metaspace       used 56336K, committed 57408K, reserved 1114112K
  class space    used 8027K, committed 8512K, reserved 1048576K
}
Event: 1111.721 GC heap before
{Heap before GC invocations=50 (full 8):
 garbage-first heap   total reserved 4114432K, committed 102400K, used 87016K [0x0000000704e00000, 0x0000000800000000)
  region size 2048K, 23 young (47104K), 0 survivors (0K)
 Metaspace       used 56372K, committed 57408K, reserved 1114112K
  class space    used 8035K, committed 8512K, reserved 1048576K
}
Event: 1111.724 GC heap after
{Heap after GC invocations=51 (full 8):
 garbage-first heap   total reserved 4114432K, committed 102400K, used 43875K [0x0000000704e00000, 0x0000000800000000)
  region size 2048K, 2 young (4096K), 2 survivors (4096K)
 Metaspace       used 56372K, committed 57408K, reserved 1114112K
  class space    used 8035K, committed 8512K, reserved 1048576K
}
Event: 1112.014 GC heap before
{Heap before GC invocations=52 (full 8):
 garbage-first heap   total reserved 4114432K, committed 102400K, used 88931K [0x0000000704e00000, 0x0000000800000000)
  region size 2048K, 24 young (49152K), 2 survivors (4096K)
 Metaspace       used 56456K, committed 57472K, reserved 1114112K
  class space    used 8046K, committed 8512K, reserved 1048576K
}
Event: 1112.017 GC heap after
{Heap after GC invocations=53 (full 8):
 garbage-first heap   total reserved 4114432K, committed 102400K, used 46139K [0x0000000704e00000, 0x0000000800000000)
  region size 2048K, 2 young (4096K), 2 survivors (4096K)
 Metaspace       used 56456K, committed 57472K, reserved 1114112K
  class space    used 8046K, committed 8512K, reserved 1048576K
}
Event: 1163.232 GC heap before
{Heap before GC invocations=53 (full 8):
 garbage-first heap   total reserved 4114432K, committed 102400K, used 78907K [0x0000000704e00000, 0x0000000800000000)
  region size 2048K, 19 young (38912K), 2 survivors (4096K)
 Metaspace       used 56483K, committed 57536K, reserved 1114112K
  class space    used 8049K, committed 8512K, reserved 1048576K
}
Event: 1163.275 GC heap after
{Heap after GC invocations=54 (full 9):
 garbage-first heap   total reserved 4114432K, committed 102400K, used 43823K [0x0000000704e00000, 0x0000000800000000)
  region size 2048K, 0 young (0K), 0 survivors (0K)
 Metaspace       used 56483K, committed 57536K, reserved 1114112K
  class space    used 8049K, committed 8512K, reserved 1048576K
}
Event: 1163.571 GC heap before
{Heap before GC invocations=54 (full 9):
 garbage-first heap   total reserved 4114432K, committed 102400K, used 86831K [0x0000000704e00000, 0x0000000800000000)
  region size 2048K, 22 young (45056K), 0 survivors (0K)
 Metaspace       used 56514K, committed 57536K, reserved 1114112K
  class space    used 8056K, committed 8512K, reserved 1048576K
}
Event: 1163.573 GC heap after
{Heap after GC invocations=55 (full 9):
 garbage-first heap   total reserved 4114432K, committed 102400K, used 47510K [0x0000000704e00000, 0x0000000800000000)
  region size 2048K, 2 young (4096K), 2 survivors (4096K)
 Metaspace       used 56514K, committed 57536K, reserved 1114112K
  class space    used 8056K, committed 8512K, reserved 1048576K
}
Event: 1164.350 GC heap before
{Heap before GC invocations=56 (full 9):
 garbage-first heap   total reserved 4114432K, committed 102400K, used 88470K [0x0000000704e00000, 0x0000000800000000)
  region size 2048K, 22 young (45056K), 2 survivors (4096K)
 Metaspace       used 56424K, committed 57536K, reserved 1114112K
  class space    used 8022K, committed 8512K, reserved 1048576K
}
Event: 1164.353 GC heap after
{Heap after GC invocations=57 (full 9):
 garbage-first heap   total reserved 4114432K, committed 102400K, used 49332K [0x0000000704e00000, 0x0000000800000000)
  region size 2048K, 2 young (4096K), 2 survivors (4096K)
 Metaspace       used 56424K, committed 57536K, reserved 1114112K
  class space    used 8022K, committed 8512K, reserved 1048576K
}

